Wed Oct 24 2018  GET /about
Wed Oct 24 2018  GET /
Wed Oct 24 2018  GET /about
Wed Oct 24 2018 12:39:06 GMT+0530 (India Standard Time)  GET /about
Wed Oct 24 2018 12:39:09 GMT+0530 (India Standard Time)  GET /
Wed Oct 24 2018 12:42:15 GMT+0530 (India Standard Time)  GET /
Wed Oct 24 2018 12:48:32 GMT+0530 (India Standard Time)  GET /
Wed Oct 24 2018 12:49:08 GMT+0530 (India Standard Time)  GET /
Wed Oct 24 2018 12:49:10 GMT+0530 (India Standard Time)  GET /
Wed Oct 24 2018 12:49:12 GMT+0530 (India Standard Time)  GET /about
Wed Oct 24 2018 12:50:23 GMT+0530 (India Standard Time)  GET /help.html
Wed Oct 24 2018 12:50:31 GMT+0530 (India Standard Time)  GET /help
Wed Oct 24 2018 12:50:56 GMT+0530 (India Standard Time)  GET /
Wed Oct 24 2018 12:51:01 GMT+0530 (India Standard Time)  GET /help
Wed Oct 24 2018 12:52:50 GMT+0530 (India Standard Time)  GET /help
Wed Oct 24 2018 12:52:57 GMT+0530 (India Standard Time)  GET /
Wed Oct 24 2018 12:53:00 GMT+0530 (India Standard Time)  GET /help
Wed Oct 24 2018 12:55:34 GMT+0530 (India Standard Time)  GET /help
Wed Oct 24 2018 12:55:39 GMT+0530 (India Standard Time)  GET /
Wed Oct 24 2018 12:55:48 GMT+0530 (India Standard Time)  GET /help
Wed Oct 24 2018 12:56:42 GMT+0530 (India Standard Time)  GET /
Wed Oct 24 2018 12:56:48 GMT+0530 (India Standard Time)  GET /
Wed Oct 24 2018 12:56:50 GMT+0530 (India Standard Time)  GET /about
Wed Oct 24 2018 12:56:52 GMT+0530 (India Standard Time)  GET /help
Wed Oct 24 2018 12:57:43 GMT+0530 (India Standard Time)  GET /help
Wed Oct 24 2018 12:57:51 GMT+0530 (India Standard Time)  GET /
Wed Oct 24 2018 12:57:55 GMT+0530 (India Standard Time)  GET /help
Wed Oct 24 2018 12:59:21 GMT+0530 (India Standard Time)  GET /help
Wed Oct 24 2018 13:00:58 GMT+0530 (India Standard Time)  GET /help
Wed Oct 24 2018 13:01:01 GMT+0530 (India Standard Time)  GET /help
Wed Oct 24 2018 13:01:06 GMT+0530 (India Standard Time)  GET /
Wed Oct 24 2018 13:01:10 GMT+0530 (India Standard Time)  GET /help
Wed Oct 24 2018 13:01:16 GMT+0530 (India Standard Time)  GET /
Wed Oct 24 2018 13:01:22 GMT+0530 (India Standard Time)  GET /help
Wed Oct 24 2018 13:04:06 GMT+0530 (India Standard Time)  GET /help.html
Wed Oct 24 2018 13:04:21 GMT+0530 (India Standard Time)  GET /help.html
Wed Oct 24 2018 13:04:27 GMT+0530 (India Standard Time)  GET /help
Wed Oct 24 2018 13:05:23 GMT+0530 (India Standard Time)  GET /2
Wed Oct 24 2018 13:05:57 GMT+0530 (India Standard Time)  GET /2
Wed Oct 24 2018 13:07:19 GMT+0530 (India Standard Time)  GET /2
Wed Oct 24 2018 13:08:53 GMT+0530 (India Standard Time)  GET /2
Wed Oct 24 2018 13:09:07 GMT+0530 (India Standard Time)  GET /2
Wed Oct 24 2018 13:09:16 GMT+0530 (India Standard Time)  GET /about
Wed Oct 24 2018 13:09:20 GMT+0530 (India Standard Time)  GET /2
Wed Oct 24 2018 13:10:52 GMT+0530 (India Standard Time)  GET /asdf
Wed Oct 24 2018 13:11:27 GMT+0530 (India Standard Time)  GET /asdf
Wed Oct 24 2018 13:12:46 GMT+0530 (India Standard Time)  GET /asdf
Wed Oct 24 2018 13:13:40 GMT+0530 (India Standard Time)  GET /asdf
Wed Oct 24 2018 13:13:40 GMT+0530 (India Standard Time)  GET /homw
Wed Oct 24 2018 13:13:40 GMT+0530 (India Standard Time)  GET /home
Wed Oct 24 2018 13:13:46 GMT+0530 (India Standard Time)  GET /home
Wed Oct 24 2018 13:13:48 GMT+0530 (India Standard Time)  GET /home
Wed Oct 24 2018 13:13:54 GMT+0530 (India Standard Time)  GET /about
Wed Oct 24 2018 13:13:58 GMT+0530 (India Standard Time)  GET /
Wed Oct 24 2018 13:14:02 GMT+0530 (India Standard Time)  GET /2
Wed Oct 24 2018 13:14:18 GMT+0530 (India Standard Time)  GET /2
Wed Oct 24 2018 13:14:22 GMT+0530 (India Standard Time)  GET /2
Wed Oct 24 2018 13:14:25 GMT+0530 (India Standard Time)  GET /about
Wed Oct 24 2018 13:14:27 GMT+0530 (India Standard Time)  GET /asdf
Wed Oct 24 2018 13:15:48 GMT+0530 (India Standard Time)  GET /asdf
Wed Oct 24 2018 13:16:53 GMT+0530 (India Standard Time)  GET /
Wed Oct 24 2018 13:16:57 GMT+0530 (India Standard Time)  GET /help
Wed Oct 24 2018 13:17:14 GMT+0530 (India Standard Time)  GET /help
Wed Oct 24 2018 13:17:20 GMT+0530 (India Standard Time)  GET /
Wed Oct 24 2018 13:18:40 GMT+0530 (India Standard Time)  GET /help
Wed Oct 24 2018 13:20:34 GMT+0530 (India Standard Time)  GET /help
Wed Oct 24 2018 13:21:41 GMT+0530 (India Standard Time)  GET /help
Wed Oct 24 2018 13:22:18 GMT+0530 (India Standard Time)  GET /help
Wed Oct 24 2018 13:22:20 GMT+0530 (India Standard Time)  GET /help
Wed Oct 24 2018 13:22:22 GMT+0530 (India Standard Time)  GET /help
Wed Oct 24 2018 13:23:29 GMT+0530 (India Standard Time)  GET /help
Wed Oct 24 2018 13:23:58 GMT+0530 (India Standard Time)  GET /help
Wed Oct 24 2018 13:24:04 GMT+0530 (India Standard Time)  GET /
Wed Oct 24 2018 13:24:45 GMT+0530 (India Standard Time)  GET /
Wed Oct 24 2018 13:24:47 GMT+0530 (India Standard Time)  GET /help
Wed Oct 24 2018 13:25:16 GMT+0530 (India Standard Time)  GET /about
Wed Oct 24 2018 13:25:21 GMT+0530 (India Standard Time)  GET /
Wed Oct 24 2018 13:25:23 GMT+0530 (India Standard Time)  GET /help
Wed Oct 24 2018 13:26:08 GMT+0530 (India Standard Time)  GET /help
Wed Oct 24 2018 13:26:10 GMT+0530 (India Standard Time)  GET /about
Wed Oct 24 2018 13:26:12 GMT+0530 (India Standard Time)  GET /
Wed Oct 24 2018 13:26:21 GMT+0530 (India Standard Time)  GET /help
Wed Oct 24 2018 13:26:21 GMT+0530 (India Standard Time)  GET /help
Wed Oct 24 2018 13:26:22 GMT+0530 (India Standard Time)  GET /help
Wed Oct 24 2018 13:48:42 GMT+0530 (India Standard Time)  GET /help
Wed Oct 24 2018 13:49:03 GMT+0530 (India Standard Time)  GET /about
Wed Oct 24 2018 13:50:56 GMT+0530 (India Standard Time)  GET /help.html
Wed Oct 24 2018 13:51:02 GMT+0530 (India Standard Time)  GET /help
Wed Oct 24 2018 13:51:45 GMT+0530 (India Standard Time)  GET /help
Wed Oct 24 2018 13:51:48 GMT+0530 (India Standard Time)  GET /about
Wed Oct 24 2018 13:51:50 GMT+0530 (India Standard Time)  GET /
Wed Oct 24 2018 13:56:45 GMT+0530 (India Standard Time)  GET /
Wed Oct 24 2018 13:56:51 GMT+0530 (India Standard Time)  GET /
Wed Oct 24 2018 13:57:36 GMT+0530 (India Standard Time)  GET /
Wed Oct 24 2018 13:59:37 GMT+0530 (India Standard Time)  GET /
Wed Oct 24 2018 14:00:35 GMT+0530 (India Standard Time)  GET /
Wed Oct 24 2018 14:00:35 GMT+0530 (India Standard Time)  GET /smiley.gif
Wed Oct 24 2018 14:01:10 GMT+0530 (India Standard Time)  GET /
Wed Oct 24 2018 14:01:58 GMT+0530 (India Standard Time)  GET /
Wed Oct 24 2018 14:03:15 GMT+0530 (India Standard Time)  GET /help.html
Wed Oct 24 2018 14:04:23 GMT+0530 (India Standard Time)  GET /help.html
Wed Oct 24 2018 14:05:42 GMT+0530 (India Standard Time)  GET /help.html
Wed Oct 24 2018 14:05:42 GMT+0530 (India Standard Time)  GET /bgimage.jpg
Wed Oct 24 2018 14:06:51 GMT+0530 (India Standard Time)  GET /help.html
Wed Oct 24 2018 14:06:52 GMT+0530 (India Standard Time)  GET /img_girl.jpg
Wed Oct 24 2018 14:06:52 GMT+0530 (India Standard Time)  GET /bgimage.jpg
Wed Oct 24 2018 14:07:48 GMT+0530 (India Standard Time)  GET /help.html
Wed Oct 24 2018 14:07:49 GMT+0530 (India Standard Time)  GET /%3Cimg
Wed Oct 24 2018 14:09:54 GMT+0530 (India Standard Time)  GET /help.html
Wed Oct 24 2018 14:09:54 GMT+0530 (India Standard Time)  GET /w3s.png
Wed Oct 24 2018 14:11:42 GMT+0530 (India Standard Time)  GET /help.html
Wed Oct 24 2018 14:12:57 GMT+0530 (India Standard Time)  GET /help.html
Wed Oct 24 2018 14:13:19 GMT+0530 (India Standard Time)  GET /help.html
Wed Oct 24 2018 14:35:45 GMT+0530 (India Standard Time)  GET /help.html
Wed Oct 24 2018 14:36:13 GMT+0530 (India Standard Time)  GET /help.html
Wed Oct 24 2018 14:40:22 GMT+0530 (India Standard Time)  GET /help.html
Wed Oct 24 2018 14:40:43 GMT+0530 (India Standard Time)  GET /help.html
Wed Oct 24 2018 14:41:25 GMT+0530 (India Standard Time)  GET /help.html
Wed Oct 24 2018 14:42:34 GMT+0530 (India Standard Time)  GET /help.html
Wed Oct 24 2018 14:44:24 GMT+0530 (India Standard Time)  GET /help.html
Wed Oct 24 2018 14:45:58 GMT+0530 (India Standard Time)  GET /help.html
Wed Oct 24 2018 14:46:19 GMT+0530 (India Standard Time)  GET /help.html
Wed Oct 24 2018 14:46:47 GMT+0530 (India Standard Time)  GET /help.html
Wed Oct 24 2018 14:47:57 GMT+0530 (India Standard Time)  GET /help.html
Wed Oct 24 2018 14:48:13 GMT+0530 (India Standard Time)  GET /help.html
Wed Oct 24 2018 14:48:36 GMT+0530 (India Standard Time)  GET /help.html
Wed Oct 24 2018 14:48:59 GMT+0530 (India Standard Time)  GET /help.html
Wed Oct 24 2018 14:49:45 GMT+0530 (India Standard Time)  GET /help.html
Wed Oct 24 2018 14:50:05 GMT+0530 (India Standard Time)  GET /help.html
Wed Oct 24 2018 14:50:22 GMT+0530 (India Standard Time)  GET /help.html
Wed Oct 24 2018 14:50:53 GMT+0530 (India Standard Time)  GET /help.html
Wed Oct 24 2018 14:51:49 GMT+0530 (India Standard Time)  GET /help.html
Wed Oct 24 2018 14:52:10 GMT+0530 (India Standard Time)  GET /help.html
Wed Oct 24 2018 14:52:27 GMT+0530 (India Standard Time)  GET /help.html
Wed Oct 24 2018 14:52:50 GMT+0530 (India Standard Time)  GET /help.html
Wed Oct 24 2018 14:54:39 GMT+0530 (India Standard Time)  GET /help.html
Wed Oct 24 2018 14:55:09 GMT+0530 (India Standard Time)  GET /help
Wed Oct 24 2018 14:56:01 GMT+0530 (India Standard Time)  GET /help
Wed Oct 24 2018 14:57:51 GMT+0530 (India Standard Time)  GET /
Wed Oct 24 2018 15:00:21 GMT+0530 (India Standard Time)  GET /
Wed Oct 24 2018 15:00:35 GMT+0530 (India Standard Time)  GET /about
Wed Oct 24 2018 15:00:47 GMT+0530 (India Standard Time)  GET /about
Wed Oct 24 2018 15:00:53 GMT+0530 (India Standard Time)  GET /
Wed Oct 24 2018 15:01:15 GMT+0530 (India Standard Time)  GET /
Wed Oct 24 2018 15:01:33 GMT+0530 (India Standard Time)  GET /
Wed Oct 24 2018 15:01:44 GMT+0530 (India Standard Time)  GET /about
Wed Oct 24 2018 15:03:00 GMT+0530 (India Standard Time)  GET /
Wed Oct 24 2018 15:03:15 GMT+0530 (India Standard Time)  GET /about
Wed Oct 24 2018 15:03:17 GMT+0530 (India Standard Time)  GET /help
Wed Oct 24 2018 15:03:23 GMT+0530 (India Standard Time)  GET /about
Wed Oct 24 2018 15:03:27 GMT+0530 (India Standard Time)  GET /
Wed Oct 24 2018 15:03:34 GMT+0530 (India Standard Time)  GET /help
Wed Oct 24 2018 15:03:37 GMT+0530 (India Standard Time)  GET /about
Wed Oct 24 2018 15:04:51 GMT+0530 (India Standard Time)  GET /
Wed Oct 24 2018 15:04:57 GMT+0530 (India Standard Time)  GET /about
Wed Oct 24 2018 15:05:00 GMT+0530 (India Standard Time)  GET /help
Wed Oct 24 2018 15:05:11 GMT+0530 (India Standard Time)  GET /help.html
Wed Oct 24 2018 15:06:20 GMT+0530 (India Standard Time)  GET /help.html
Wed Oct 24 2018 15:41:30 GMT+0530 (India Standard Time)  GET /help.html
Wed Oct 24 2018 15:41:39 GMT+0530 (India Standard Time)  GET /
Wed Oct 24 2018 15:41:43 GMT+0530 (India Standard Time)  GET /
Wed Oct 24 2018 15:41:45 GMT+0530 (India Standard Time)  GET /about
Wed Oct 24 2018 15:41:47 GMT+0530 (India Standard Time)  GET /help
Wed Oct 24 2018 15:41:55 GMT+0530 (India Standard Time)  GET /
Wed Oct 24 2018 15:41:57 GMT+0530 (India Standard Time)  GET /about
Wed Oct 24 2018 15:41:59 GMT+0530 (India Standard Time)  GET /help
Wed Oct 24 2018 16:03:31 GMT+0530 (India Standard Time)  GET /help
Wed Oct 24 2018 16:03:33 GMT+0530 (India Standard Time)  GET /about
Wed Oct 24 2018 16:03:34 GMT+0530 (India Standard Time)  GET /
Wed Oct 24 2018 16:06:34 GMT+0530 (India Standard Time)  GET /
Wed Oct 24 2018 16:06:36 GMT+0530 (India Standard Time)  GET /about
Wed Oct 24 2018 16:06:38 GMT+0530 (India Standard Time)  GET /help
Wed Oct 24 2018 16:06:49 GMT+0530 (India Standard Time)  GET /help
Wed Oct 24 2018 16:06:51 GMT+0530 (India Standard Time)  GET /
Wed Oct 24 2018 16:06:53 GMT+0530 (India Standard Time)  GET /about
Wed Oct 24 2018 16:06:55 GMT+0530 (India Standard Time)  GET /help
Wed Oct 24 2018 18:01:52 GMT+0530 (India Standard Time)  GET /about
